E:\实验室\轧线与违停算法相关\机场违停\VARIANCELINESET\DEBUG\VARIANCELINESET.EXE
E:\实验室\轧线与违停算法相关\机场违停\VARIANCELINESET\DEBUG\VARIANCELINESET.ILK
E:\实验室\轧线与违停算法相关\机场违停\VARIANCELINESET\DEBUG\VARIANCELINESET.PDB
E:\实验室\轧线与违停算法相关\机场违停\VarianceLineSet\VarianceLineSet\Debug\cl.command.1.tlog
E:\实验室\轧线与违停算法相关\机场违停\VarianceLineSet\VarianceLineSet\Debug\CL.read.1.tlog
E:\实验室\轧线与违停算法相关\机场违停\VarianceLineSet\VarianceLineSet\Debug\CL.write.1.tlog
E:\实验室\轧线与违停算法相关\机场违停\VarianceLineSet\VarianceLineSet\Debug\link.2444.read.1.tlog
E:\实验室\轧线与违停算法相关\机场违停\VarianceLineSet\VarianceLineSet\Debug\link.2444.write.1.tlog
E:\实验室\轧线与违停算法相关\机场违停\VarianceLineSet\VarianceLineSet\Debug\link.2444-cvtres.read.1.tlog
E:\实验室\轧线与违停算法相关\机场违停\VarianceLineSet\VarianceLineSet\Debug\link.2444-cvtres.write.1.tlog
E:\实验室\轧线与违停算法相关\机场违停\VarianceLineSet\VarianceLineSet\Debug\link.3796.read.1.tlog
E:\实验室\轧线与违停算法相关\机场违停\VarianceLineSet\VarianceLineSet\Debug\link.3796.write.1.tlog
E:\实验室\轧线与违停算法相关\机场违停\VarianceLineSet\VarianceLineSet\Debug\link.3796-cvtres.read.1.tlog
E:\实验室\轧线与违停算法相关\机场违停\VarianceLineSet\VarianceLineSet\Debug\link.3796-cvtres.write.1.tlog
E:\实验室\轧线与违停算法相关\机场违停\VarianceLineSet\VarianceLineSet\Debug\link.command.1.tlog
E:\实验室\轧线与违停算法相关\机场违停\VarianceLineSet\VarianceLineSet\Debug\link.read.1.tlog
E:\实验室\轧线与违停算法相关\机场违停\VarianceLineSet\VarianceLineSet\Debug\link.write.1.tlog
E:\实验室\轧线与违停算法相关\机场违停\VarianceLineSet\VarianceLineSet\Debug\link-cvtres.read.1.tlog
E:\实验室\轧线与违停算法相关\机场违停\VarianceLineSet\VarianceLineSet\Debug\link-cvtres.write.1.tlog
E:\实验室\轧线与违停算法相关\机场违停\VarianceLineSet\VarianceLineSet\Debug\mt.command.1.tlog
E:\实验室\轧线与违停算法相关\机场违停\VarianceLineSet\VarianceLineSet\Debug\mt.read.1.tlog
E:\实验室\轧线与违停算法相关\机场违停\VarianceLineSet\VarianceLineSet\Debug\mt.write.1.tlog
E:\实验室\轧线与违停算法相关\机场违停\VarianceLineSet\VarianceLineSet\Debug\rc.command.1.tlog
E:\实验室\轧线与违停算法相关\机场违停\VarianceLineSet\VarianceLineSet\Debug\rc.read.1.tlog
E:\实验室\轧线与违停算法相关\机场违停\VarianceLineSet\VarianceLineSet\Debug\rc.write.1.tlog
E:\实验室\轧线与违停算法相关\机场违停\VARIANCELINESET\VARIANCELINESET\DEBUG\STDAFX.OBJ
E:\实验室\轧线与违停算法相关\机场违停\VARIANCELINESET\VARIANCELINESET\DEBUG\VARIANCELINESET.EXE.EMBED.MANIFEST
E:\实验室\轧线与违停算法相关\机场违停\VARIANCELINESET\VARIANCELINESET\DEBUG\VARIANCELINESET.EXE.EMBED.MANIFEST.RES
E:\实验室\轧线与违停算法相关\机场违停\VARIANCELINESET\VARIANCELINESET\DEBUG\VARIANCELINESET.EXE.INTERMEDIATE.MANIFEST
E:\实验室\轧线与违停算法相关\机场违停\VARIANCELINESET\VARIANCELINESET\DEBUG\VARIANCELINESET.OBJ
E:\实验室\轧线与违停算法相关\机场违停\VARIANCELINESET\VARIANCELINESET\DEBUG\VARIANCELINESET.PCH
E:\实验室\轧线与违停算法相关\机场违停\VARIANCELINESET\VARIANCELINESET\DEBUG\VARIANCELINESET.RES
E:\实验室\轧线与违停算法相关\机场违停\VarianceLineSet\VarianceLineSet\Debug\VarianceLineSet.vcxprojResolveAssemblyReference.cache
E:\实验室\轧线与违停算法相关\机场违停\VarianceLineSet\VarianceLineSet\Debug\VarianceLineSet.write.1.tlog
E:\实验室\轧线与违停算法相关\机场违停\VarianceLineSet\VarianceLineSet\Debug\VarianceLineSet_manifest.rc
E:\实验室\轧线与违停算法相关\机场违停\VARIANCELINESET\VARIANCELINESET\DEBUG\VARIANCELINESETDLG.OBJ
E:\实验室\轧线与违停算法相关\机场违停\VarianceLineSet\VarianceLineSet\Debug\vc100.idb
E:\实验室\轧线与违停算法相关\机场违停\VARIANCELINESET\VARIANCELINESET\DEBUG\VC100.PDB
