生成启动时间为 2016/12/22 15:08:34。
     1>项目“E:\实验室\轧线与违停算法相关\机场违停\VarianceLineSet\VarianceLineSet\VarianceLineSet.vcxproj”在节点 2 上(build 个目标)。
     1>InitializeBuildStatus:
         正在创建“Debug\VarianceLineSet.unsuccessfulbuild”，因为已指定“AlwaysCreate”。
       ClCompile:
         所有输出均为最新。
         c:\Program Files\Microsoft Visual Studio 10.0\VC\bin\CL.exe /c /ZI /nologo /W3 /WX- /Od /Oy- /D WIN32 /D _WINDOWS /D _DEBUG /D _MBCS /D _AFXDLL /Gm /EHsc /RTC1 /MDd /GS /fp:precise /Zc:wchar_t /Zc:forScope /Yu"StdAfx.h" /Fp"Debug\VarianceLineSet.pch" /Fo"Debug\\" /Fd"Debug\vc100.pdb" /Gd /TP /analyze- /errorReport:prompt VarianceLineSetDlg.cpp
         VarianceLineSetDlg.cpp
       ResourceCompile:
         所有输出均为最新。
       ManifestResourceCompile:
         所有输出均为最新。
       Link:
         c:\Program Files\Microsoft Visual Studio 10.0\VC\bin\link.exe /ERRORREPORT:PROMPT /OUT:"E:\实验室\轧线与违停算法相关\机场违停\VarianceLineSet\Debug\VarianceLineSet.exe" /INCREMENTAL /NOLOGO opencv_ml249d.lib opencv_calib3d249d.lib opencv_contrib249d.lib opencv_core249d.lib opencv_features2d249d.lib opencv_flann249d.lib opencv_gpu249d.lib opencv_highgui249d.lib opencv_imgproc249d.lib opencv_legacy249d.lib opencv_objdetect249d.lib opencv_ts249d.lib opencv_video249d.lib opencv_nonfree249d.lib opencv_ocl249d.lib opencv_photo249d.lib opencv_stitching249d.lib opencv_superres249d.lib opencv_videostab249d.lib opencv_ml249.lib opencv_calib3d249.lib opencv_contrib249.lib opencv_core249.lib opencv_features2d249.lib opencv_flann249.lib opencv_gpu249.lib opencv_highgui249.lib opencv_imgproc249.lib opencv_legacy249.lib opencv_objdetect249.lib opencv_ts249.lib opencv_video249.lib opencv_nonfree249.lib opencv_ocl249.lib opencv_photo249.lib opencv_stitching249.lib opencv_superres249.lib opencv_videostab249.lib /MANIFEST /ManifestFile:"Debug\VarianceLineSet.exe.intermediate.manifest" /MANIFESTUAC:"level='asInvoker' uiAccess='false'" /DEBUG /PDB:"E:\实验室\轧线与违停算法相关\机场违停\VarianceLineSet\Debug\VarianceLineSet.pdb" /SUBSYSTEM:WINDOWS /TLBID:1 /DYNAMICBASE /NXCOMPAT /IMPLIB:"E:\实验室\轧线与违停算法相关\机场违停\VarianceLineSet\Debug\VarianceLineSet.lib" /MACHINE:X86 Debug\VarianceLineSet.res
         Debug\VarianceLineSet.exe.embed.manifest.res
         Debug\stdafx.obj
         Debug\VarianceLineSet.obj
         Debug\VarianceLineSetDlg.obj
       Manifest:
         C:\Program Files\Microsoft SDKs\Windows\v7.0A\bin\mt.exe /nologo /verbose /out:"Debug\VarianceLineSet.exe.embed.manifest" /manifest Debug\VarianceLineSet.exe.intermediate.manifest "c:\Program Files\Microsoft Visual Studio 10.0\VC\Include\Manifest\dpiaware.manifest"
         所有输出均为最新。
       LinkEmbedManifest:
         所有输出均为最新。
         VarianceLineSet.vcxproj -> E:\实验室\轧线与违停算法相关\机场违停\VarianceLineSet\Debug\VarianceLineSet.exe
       FinalizeBuildStatus:
         正在删除文件“Debug\VarianceLineSet.unsuccessfulbuild”。
         正在对“Debug\VarianceLineSet.lastbuildstate”执行 Touch 任务。
     1>已完成生成项目“E:\实验室\轧线与违停算法相关\机场违停\VarianceLineSet\VarianceLineSet\VarianceLineSet.vcxproj”(build 个目标)的操作。

生成成功。

已用时间 00:00:17.50
